<?xml version="1.0" encoding="UTF-8"?>
<!-- Generated by org.testng.reporters.JUnitReportReporter -->
<testsuite hostname="ACSEDP183" failures="2" tests="22" name="CKYC.ICICI.CentralUser" time="217.150" errors="0" timestamp="2024-01-06T15:02:17 IST" skipped="0">
  <testcase classname="CKYC.ICICI.CentralUser" name="loginCentralUser" time="61.965"/>
  <system-out>
    <![CDATA[Sat Jan 06 14:56:52 IST 2024 - Central user logged in successfully]]>
  </system-out>
  <testcase classname="CKYC.ICICI.CentralUser" name="uploadDumpFile" time="11.015"/>
  <system-out>
    <![CDATA[Sat Jan 06 14:56:52 IST 2024 - Dump file upload started
Sat Jan 06 14:56:52 IST 2024 - Dump File already exists. Upload new file.]]>
  </system-out>
  <testcase classname="CKYC.ICICI.CentralUser" name="generateCkycBulkFile" time="10.964"/>
  <system-out>
    <![CDATA[Sat Jan 06 14:56:52 IST 2024 - CKYC Bulk File Generate Test Started
Sat Jan 06 14:56:52 IST 2024 - CKYC Bulk File export failed - No records to export.]]>
  </system-out>
  <testcase classname="CKYC.ICICI.CentralUser" name="uploadCkycResponce" time="8.494"/>
  <system-out>
    <![CDATA[Sat Jan 06 14:56:52 IST 2024 - CKYC Responce upload started
Sat Jan 06 14:56:52 IST 2024 - Response File already exists. Upload new file.]]>
  </system-out>
  <testcase classname="CKYC.ICICI.CentralUser" name="ckycIdGeneretedReport" time="15.987"/>
  <system-out>
    <![CDATA[Sat Jan 06 14:56:52 IST 2024 - CKYC ID Grnerate Report Test Start
Sat Jan 06 14:56:52 IST 2024 - CKYC Generated ID End date should be greater than Start date
Sat Jan 06 14:56:52 IST 2024 - CKYC Generated ID Please Enter To Created Date]]>
  </system-out>
  <testcase classname="CKYC.ICICI.CentralUser" name="reportCBSImportError" time="13.064"/>
  <system-out>
    <![CDATA[Sat Jan 06 14:56:52 IST 2024 - Generating CBS Import Report]]>
  </system-out>
  <testcase classname="CKYC.ICICI.CentralUser" name="reportDraftSave" time="6.675"/>
  <system-out>
    <![CDATA[Sat Jan 06 14:56:52 IST 2024 - Generating Draft Save Report]]>
  </system-out>
  <testcase classname="CKYC.ICICI.CentralUser" name="reportImageUploadPending" time="5.436"/>
  <system-out>
    <![CDATA[Sat Jan 06 14:56:52 IST 2024 - Generating Draft Save Report]]>
  </system-out>
  <testcase classname="CKYC.ICICI.CentralUser" name="reportPendingCheckerApproval" time="4.166"/>
  <system-out>
    <![CDATA[Sat Jan 06 14:56:52 IST 2024 - GeneratingPending checker Approval Report]]>
  </system-out>
  <testcase classname="CKYC.ICICI.CentralUser" name="reportRejectedByChecker" time="5.207"/>
  <system-out>
    <![CDATA[Sat Jan 06 14:56:52 IST 2024 - Generating Rejected By Checker Report]]>
  </system-out>
  <testcase classname="CKYC.ICICI.CentralUser" name="reportApprovedByChecker" time="4.690"/>
  <system-out>
    <![CDATA[Sat Jan 06 14:56:52 IST 2024 - Generating Approved By Checker Report]]>
  </system-out>
  <testcase classname="CKYC.ICICI.CentralUser" name="reportBulkFileGenerated" time="10.203"/>
  <system-out>
    <![CDATA[Sat Jan 06 14:56:52 IST 2024 - Generating Bulk File Generated Report]]>
  </system-out>
  <testcase classname="CKYC.ICICI.CentralUser" name="reportFiReconcilationPending" time="6.362"/>
  <system-out>
    <![CDATA[Sat Jan 06 14:56:52 IST 2024 - Generating FI Reconcilation Pending Report]]>
  </system-out>
  <testcase classname="CKYC.ICICI.CentralUser" name="reportUploadedToCkycPortal" time="9.318">
    <failure message="null" type="java.lang.AssertionError">
      <![CDATA[java.lang.AssertionError: null
at org.testng.Assert.fail(Assert.java:110)
at org.testng.Assert.fail(Assert.java:115)
at CKYC.ICICI.CentralUser.reportUploadedToCkycPortal(CentralUser.java:1113)
at java.base/jdk.internal.reflect.NativeMethodAccessorImpl.invoke0(Native Method)
at java.base/jdk.internal.reflect.NativeMethodAccessorImpl.invoke(NativeMethodAccessorImpl.java:77)
at java.base/jdk.internal.reflect.DelegatingMethodAccessorImpl.invoke(DelegatingMethodAccessorImpl.java:43)
at java.base/java.lang.reflect.Method.invoke(Method.java:568)
at org.testng.internal.invokers.MethodInvocationHelper.invokeMethod(MethodInvocationHelper.java:139)
at org.testng.internal.invokers.TestInvoker.invokeMethod(TestInvoker.java:677)
at org.testng.internal.invokers.TestInvoker.invokeTestMethod(TestInvoker.java:221)
at org.testng.internal.invokers.MethodRunner.runInSequence(MethodRunner.java:50)
at org.testng.internal.invokers.TestInvoker$MethodInvocationAgent.invoke(TestInvoker.java:969)
at org.testng.internal.invokers.TestInvoker.invokeTestMethods(TestInvoker.java:194)
at org.testng.internal.invokers.TestMethodWorker.invokeTestMethods(TestMethodWorker.java:148)
at org.testng.internal.invokers.TestMethodWorker.run(TestMethodWorker.java:128)
at java.base/java.util.ArrayList.forEach(ArrayList.java:1511)
at org.testng.TestRunner.privateRun(TestRunner.java:829)
at org.testng.TestRunner.run(TestRunner.java:602)
at org.testng.SuiteRunner.runTest(SuiteRunner.java:437)
at org.testng.SuiteRunner.runSequentially(SuiteRunner.java:431)
at org.testng.SuiteRunner.privateRun(SuiteRunner.java:391)
at org.testng.SuiteRunner.run(SuiteRunner.java:330)
at org.testng.SuiteRunnerWorker.runSuite(SuiteRunnerWorker.java:52)
at org.testng.SuiteRunnerWorker.run(SuiteRunnerWorker.java:95)
at org.testng.TestNG.runSuitesSequentially(TestNG.java:1256)
at org.testng.TestNG.runSuitesLocally(TestNG.java:1176)
at org.testng.TestNG.runSuites(TestNG.java:1099)
at org.testng.TestNG.run(TestNG.java:1067)
at org.apache.maven.surefire.testng.TestNGExecutor.run(TestNGExecutor.java:308)
at org.apache.maven.surefire.testng.TestNGXmlTestSuite.execute(TestNGXmlTestSuite.java:71)
at org.apache.maven.surefire.testng.TestNGProvider.invoke(TestNGProvider.java:113)
at org.apache.maven.surefire.booter.ForkedBooter.runSuitesInProcess(ForkedBooter.java:385)
at org.apache.maven.surefire.booter.ForkedBooter.execute(ForkedBooter.java:162)
at org.apache.maven.surefire.booter.ForkedBooter.run(ForkedBooter.java:507)
at org.apache.maven.surefire.booter.ForkedBooter.main(ForkedBooter.java:495)
]]>
    </failure>
  </testcase> <!-- reportUploadedToCkycPortal -->
  <system-out>
    <![CDATA[Sat Jan 06 14:56:52 IST 2024 - Generating Uploaded to CKYC Portal Report]]>
  </system-out>
  <testcase classname="CKYC.ICICI.CentralUser" name="reportCkycIdExisting" time="5.178"/>
  <system-out>
    <![CDATA[Sat Jan 06 14:56:52 IST 2024 - Generating CKYC ID existing Report]]>
  </system-out>
  <testcase classname="CKYC.ICICI.CentralUser" name="reportRjectedCkycPortal" time="6.862"/>
  <system-out>
    <![CDATA[Sat Jan 06 14:56:52 IST 2024 - Generating  Rejected CKYC Portal Report]]>
  </system-out>
  <testcase classname="CKYC.ICICI.CentralUser" name="reportStageOneResponce" time="4.434"/>
  <system-out>
    <![CDATA[Sat Jan 06 14:56:52 IST 2024 - Generating  Stage One Responce Report]]>
  </system-out>
  <testcase classname="CKYC.ICICI.CentralUser" name="reportCkycIdGenerated" time="3.700"/>
  <system-out>
    <![CDATA[Sat Jan 06 14:56:52 IST 2024 - Generating  CKYC ID Generated Report]]>
  </system-out>
  <testcase classname="CKYC.ICICI.CentralUser" name="reportFiReconResponse" time="5.812"/>
  <system-out>
    <![CDATA[Sat Jan 06 14:56:52 IST 2024 - Generating  FI Recon Response Report]]>
  </system-out>
  <testcase classname="CKYC.ICICI.CentralUser" name="reportCkycRecordSuccUpdated" time="4.583"/>
  <system-out>
    <![CDATA[Sat Jan 06 14:56:52 IST 2024 - Generating  CKYC ID Successfully Updated Report]]>
  </system-out>
  <testcase classname="CKYC.ICICI.CentralUser" name="custSearchDetailRecord" time="6.816"/>
  <system-out/>
  <testcase classname="CKYC.ICICI.CentralUser" name="helpTab" time="6.219">
    <failure message="null" type="java.lang.AssertionError">
      <![CDATA[java.lang.AssertionError: null
at org.testng.Assert.fail(Assert.java:110)
at org.testng.Assert.fail(Assert.java:115)
at CKYC.ICICI.CentralUser.helpTab(CentralUser.java:1690)
at java.base/jdk.internal.reflect.NativeMethodAccessorImpl.invoke0(Native Method)
at java.base/jdk.internal.reflect.NativeMethodAccessorImpl.invoke(NativeMethodAccessorImpl.java:77)
at java.base/jdk.internal.reflect.DelegatingMethodAccessorImpl.invoke(DelegatingMethodAccessorImpl.java:43)
at java.base/java.lang.reflect.Method.invoke(Method.java:568)
at org.testng.internal.invokers.MethodInvocationHelper.invokeMethod(MethodInvocationHelper.java:139)
at org.testng.internal.invokers.TestInvoker.invokeMethod(TestInvoker.java:677)
at org.testng.internal.invokers.TestInvoker.invokeTestMethod(TestInvoker.java:221)
at org.testng.internal.invokers.MethodRunner.runInSequence(MethodRunner.java:50)
at org.testng.internal.invokers.TestInvoker$MethodInvocationAgent.invoke(TestInvoker.java:969)
at org.testng.internal.invokers.TestInvoker.invokeTestMethods(TestInvoker.java:194)
at org.testng.internal.invokers.TestMethodWorker.invokeTestMethods(TestMethodWorker.java:148)
at org.testng.internal.invokers.TestMethodWorker.run(TestMethodWorker.java:128)
at java.base/java.util.ArrayList.forEach(ArrayList.java:1511)
at org.testng.TestRunner.privateRun(TestRunner.java:829)
at org.testng.TestRunner.run(TestRunner.java:602)
at org.testng.SuiteRunner.runTest(SuiteRunner.java:437)
at org.testng.SuiteRunner.runSequentially(SuiteRunner.java:431)
at org.testng.SuiteRunner.privateRun(SuiteRunner.java:391)
at org.testng.SuiteRunner.run(SuiteRunner.java:330)
at org.testng.SuiteRunnerWorker.runSuite(SuiteRunnerWorker.java:52)
at org.testng.SuiteRunnerWorker.run(SuiteRunnerWorker.java:95)
at org.testng.TestNG.runSuitesSequentially(TestNG.java:1256)
at org.testng.TestNG.runSuitesLocally(TestNG.java:1176)
at org.testng.TestNG.runSuites(TestNG.java:1099)
at org.testng.TestNG.run(TestNG.java:1067)
at org.apache.maven.surefire.testng.TestNGExecutor.run(TestNGExecutor.java:308)
at org.apache.maven.surefire.testng.TestNGXmlTestSuite.execute(TestNGXmlTestSuite.java:71)
at org.apache.maven.surefire.testng.TestNGProvider.invoke(TestNGProvider.java:113)
at org.apache.maven.surefire.booter.ForkedBooter.runSuitesInProcess(ForkedBooter.java:385)
at org.apache.maven.surefire.booter.ForkedBooter.execute(ForkedBooter.java:162)
at org.apache.maven.surefire.booter.ForkedBooter.run(ForkedBooter.java:507)
at org.apache.maven.surefire.booter.ForkedBooter.main(ForkedBooter.java:495)
]]>
    </failure>
  </testcase> <!-- helpTab -->
  <system-out/>
</testsuite> <!-- CKYC.ICICI.CentralUser -->
